<?xml version="1.0" encoding="UTF-8"?>
<!-- Generated by org.testng.reporters.JUnitReportReporter -->
<testsuite hostname="DESKTOP-TH085TJ" failures="0" tests="2" name="Learn_Annotation.TestNG_Annotation_1" time="0.012" errors="0" timestamp="2023-04-15T10:20:38 IST" skipped="0">
  <testcase classname="Learn_Annotation.TestNG_Annotation_1" name="mytest" time="0.009"/>
  <system-out/>
  <testcase classname="Learn_Annotation.TestNG_Annotation_1" name="mytest1" time="0.003"/>
  <system-out/>
</testsuite> <!-- Learn_Annotation.TestNG_Annotation_1 -->
