<?xml version="1.0" encoding="UTF-8"?>
<!-- Generated by org.testng.reporters.JUnitReportReporter -->
<testsuite hostname="DESKTOP-TH085TJ" failures="0" tests="4" name="Test_NG.First_Test_NG" time="0.028" errors="0" timestamp="2023-04-01T16:21:36 IST" skipped="0">
  <testcase classname="Test_NG.First_Test_NG" name="b" time="0.006"/>
  <system-out/>
  <testcase classname="Test_NG.First_Test_NG" name="a" time="0.014"/>
  <system-out/>
  <testcase classname="Test_NG.First_Test_NG" name="c" time="0.002"/>
  <system-out/>
  <testcase classname="Test_NG.First_Test_NG" name="d" time="0.006"/>
  <system-out/>
</testsuite> <!-- Test_NG.First_Test_NG -->
