<?xml version="1.0" encoding="UTF-8"?>
<!-- Generated by org.testng.reporters.JUnitReportReporter -->
<testsuite hostname="DESKTOP-TH085TJ" failures="0" tests="4" name="Test_NG.Second_Test_NG2" time="0.037" errors="1" timestamp="2023-04-01T16:21:36 IST" skipped="1">
  <testcase classname="Test_NG.Second_Test_NG2" name="s1" time="0.003"/>
  <system-out/>
  <testcase classname="Test_NG.Second_Test_NG2" name="s4" time="0.000">
    <skipped/>
  </testcase> <!-- s4 -->
  <system-out/>
  <testcase classname="Test_NG.Second_Test_NG2" name="s2" time="0.020"/>
  <system-out/>
  <testcase classname="Test_NG.Second_Test_NG2" name="s3" time="0.014">
    <error type="java.lang.RuntimeException">
      <![CDATA[java.lang.RuntimeException
at Test_NG.Second_Test_NG2.s3(Second_Test_NG2.java:22)
at java.base/jdk.internal.reflect.NativeMethodAccessorImpl.invoke0(Native Method)
at java.base/jdk.internal.reflect.NativeMethodAccessorImpl.invoke(NativeMethodAccessorImpl.java:77)
at java.base/jdk.internal.reflect.DelegatingMethodAccessorImpl.invoke(DelegatingMethodAccessorImpl.java:43)
at java.base/java.lang.reflect.Method.invoke(Method.java:568)
at org.testng.internal.MethodInvocationHelper.invokeMethod(MethodInvocationHelper.java:133)
at org.testng.internal.TestInvoker.invokeMethod(TestInvoker.java:598)
at org.testng.internal.TestInvoker.invokeTestMethod(TestInvoker.java:173)
at org.testng.internal.MethodRunner.runInSequence(MethodRunner.java:46)
at org.testng.internal.TestInvoker$MethodInvocationAgent.invoke(TestInvoker.java:824)
at org.testng.internal.TestInvoker.invokeTestMethods(TestInvoker.java:146)
at org.testng.internal.TestMethodWorker.invokeTestMethods(TestMethodWorker.java:146)
at org.testng.internal.TestMethodWorker.run(TestMethodWorker.java:128)
at java.base/java.util.concurrent.ThreadPoolExecutor.runWorker(ThreadPoolExecutor.java:1136)
at java.base/java.util.concurrent.ThreadPoolExecutor$Worker.run(ThreadPoolExecutor.java:635)
at java.base/java.lang.Thread.run(Thread.java:833)
]]>
    </error>
  </testcase> <!-- s3 -->
  <system-out/>
</testsuite> <!-- Test_NG.Second_Test_NG2 -->
