<?xml version="1.0" encoding="UTF-8"?>
<!-- Generated by org.testng.reporters.JUnitReportReporter -->
<testsuite hostname="DESKTOP-TH085TJ" failures="0" tests="3" name="Test_NG.Third_Test_NG" time="0.008" errors="0" timestamp="2023-04-01T16:21:36 IST" skipped="0">
  <testcase classname="Test_NG.Third_Test_NG" name="method2" time="0.001"/>
  <system-out/>
  <testcase classname="Test_NG.Third_Test_NG" name="method1" time="0.002"/>
  <system-out/>
  <testcase classname="Test_NG.Third_Test_NG" name="method3" time="0.005"/>
  <system-out/>
</testsuite> <!-- Test_NG.Third_Test_NG -->
