<?xml version="1.0" encoding="UTF-8"?>
<!-- Generated by org.testng.reporters.JUnitReportReporter -->
<testsuite hostname="DESKTOP-TH085TJ" failures="0" tests="3" name="Test_NG.Second_Test_NG" time="0.013" errors="0" timestamp="2023-04-01T16:22:11 IST" skipped="0">
  <testcase classname="Test_NG.Second_Test_NG" name="f" time="0.002"/>
  <system-out/>
  <testcase classname="Test_NG.Second_Test_NG" name="i" time="0.002"/>
  <system-out/>
  <testcase classname="Test_NG.Second_Test_NG" name="e" time="0.009"/>
  <system-out/>
</testsuite> <!-- Test_NG.Second_Test_NG -->
